Arguments: 
  D:\lm\node.exe C:\Users\Administrator.USER-20190219PT\AppData\Roaming\npm\node_modules\yarn\bin\yarn.js add mysql2 sequlize sequlize-cli -S

PATH: 
  C:\Users\Administrator.USER-20190219PT\bin;D:\git\Git\mingw32\bin;D:\git\Git\usr\local\bin;D:\git\Git\usr\bin;D:\git\Git\usr\bin;D:\git\Git\mingw32\bin;D:\git\Git\usr\bin;C:\Users\Administrator.USER-20190219PT\bin;D:\java环境\jdk1.8.0_77\bin;D:\java环境\jdk1.8.0_77\jre\bin;C:\Windows\system32;C:\Windows;C:\Windows\System32\Wbem;C:\Windows\System32\WindowsPowerShell\v1.0;C:\Users\Administrator.USER-20190219PT\旅梦;D:\lm\redis;D:\mysql\mysql-5.6.27-winx64\bin;D:\git\Git\cmd;D:\lm;C:\Users\Administrator.USER-20190219PT\旅梦\Microsoft VS Code\bin;C:\Users\Administrator.USER-20190219PT\AppData\Roaming\npm;C:\Users\Administrator.USER-20190219PT\lm;D:\lm\Microsoft VS Code\bin;D:\git\Git\usr\bin\vendor_perl;D:\git\Git\usr\bin\core_perl

Yarn version: 
  1.16.0

Node version: 
  10.15.1

Platform: 
  win32 x64

Trace: 
  Error: https://registry.yarnpkg.com/sequlize: Not found
      at Request.params.callback [as _callback] (C:\Users\Administrator.USER-20190219PT\AppData\Roaming\npm\node_modules\yarn\lib\cli.js:66091:18)
      at Request.self.callback (C:\Users\Administrator.USER-20190219PT\AppData\Roaming\npm\node_modules\yarn\lib\cli.js:129590:22)
      at Request.emit (events.js:189:13)
      at Request.<anonymous> (C:\Users\Administrator.USER-20190219PT\AppData\Roaming\npm\node_modules\yarn\lib\cli.js:130562:10)
      at Request.emit (events.js:189:13)
      at IncomingMessage.<anonymous> (C:\Users\Administrator.USER-20190219PT\AppData\Roaming\npm\node_modules\yarn\lib\cli.js:130484:12)
      at Object.onceWrapper (events.js:277:13)
      at IncomingMessage.emit (events.js:194:15)
      at endReadableNT (_stream_readable.js:1103:12)
      at process._tickCallback (internal/process/next_tick.js:63:19)

npm manifest: 
  {
    "name": "sequelist_mysql",
    "version": "1.0.0",
    "description": "",
    "main": "index.js",
    "scripts": {
      "test": "echo \"Error: no test specified\" && exit 1"
    },
    "keywords": [],
    "author": "",
    "license": "ISC"
  }

yarn manifest: 
  No manifest

Lockfile: 
  No lockfile
